2023-06-06 01:36:01 INFO  ebanking:15 - Url is opened
  2023-06-06 01:36:01 INFO  ebanking:18 - Entered username
  2023-06-06 01:36:01 INFO  ebanking:20 - Entered password
  2023-06-06 01:36:49 INFO  ebanking:15 - Url is opened
  2023-06-06 01:36:49 INFO  ebanking:18 - Entered username
  2023-06-06 01:36:49 INFO  ebanking:20 - Entered password
  2023-06-06 01:38:06 INFO  ebanking:15 - Url is opened
  2023-06-06 01:38:06 INFO  ebanking:18 - Entered username
  2023-06-06 01:38:06 INFO  ebanking:20 - Entered password
  2023-06-06 01:38:08 INFO  ebanking:29 - Login test passed 
  2023-06-06 01:38:25 INFO  ebanking:15 - Url is opened
  2023-06-06 01:38:25 INFO  ebanking:18 - Entered username
  2023-06-06 01:38:25 INFO  ebanking:20 - Entered password
  2023-06-06 01:38:27 INFO  ebanking:29 - Login test passed 
  2023-06-06 01:38:43 INFO  ebanking:15 - Url is opened
  2023-06-06 01:38:43 INFO  ebanking:18 - Entered username
  2023-06-06 01:38:43 INFO  ebanking:20 - Entered password
  2023-06-06 01:38:45 INFO  ebanking:29 - Login test passed 
  2023-06-06 01:38:57 INFO  ebanking:15 - Url is opened
  2023-06-06 01:38:57 INFO  ebanking:18 - Entered username
  2023-06-06 01:38:57 INFO  ebanking:20 - Entered password
  2023-06-06 01:38:58 INFO  ebanking:29 - Login test passed 
  2023-06-08 00:51:38 INFO  ebanking:15 - Url is opened
  2023-06-08 00:51:38 INFO  ebanking:18 - Entered username
  2023-06-08 00:51:39 INFO  ebanking:20 - Entered password
  2023-06-08 00:51:40 INFO  ebanking:29 - Login test passed 
  2023-06-08 00:52:35 INFO  ebanking:15 - Url is opened
  2023-06-08 00:52:35 INFO  ebanking:18 - Entered username
  2023-06-08 00:52:35 INFO  ebanking:20 - Entered password
  2023-06-08 00:52:37 INFO  ebanking:29 - Login test passed 
  2023-06-10 23:58:21 INFO  ebanking:15 - Url is opened
  2023-06-10 23:58:21 INFO  ebanking:18 - Entered username
  2023-06-10 23:58:21 INFO  ebanking:20 - Entered password
  2023-06-10 23:58:23 INFO  ebanking:29 - Login test passed 
  2023-06-12 01:04:53 INFO  ebanking:15 - Url is opened
  2023-06-12 01:04:54 INFO  ebanking:18 - Entered username
  2023-06-12 01:04:54 INFO  ebanking:20 - Entered password
  2023-06-12 01:04:55 INFO  ebanking:29 - Login test passed 
  2023-06-12 01:08:42 INFO  ebanking:15 - Url is opened
  2023-06-12 01:08:42 INFO  ebanking:18 - Entered username
  2023-06-12 01:08:42 INFO  ebanking:20 - Entered password
  2023-06-12 01:08:44 INFO  ebanking:29 - Login test passed 
  2023-06-12 01:15:16 INFO  ebanking:15 - Url is opened
  2023-06-12 01:15:16 INFO  ebanking:18 - Entered username
  2023-06-12 01:15:16 INFO  ebanking:20 - Entered password
  2023-06-12 01:15:17 INFO  ebanking:29 - Login test passed 
  2023-06-12 01:18:13 INFO  ebanking:15 - Url is opened
  2023-06-12 01:18:13 INFO  ebanking:18 - Entered username
  2023-06-12 01:18:14 INFO  ebanking:20 - Entered password
  2023-06-12 01:18:15 INFO  ebanking:29 - Login test passed 
  2023-06-13 00:32:48 INFO  ebanking:15 - Url is opened
  2023-06-13 00:32:48 INFO  ebanking:18 - Entered username
  2023-06-13 00:32:48 INFO  ebanking:20 - Entered password
  2023-06-13 00:32:50 INFO  ebanking:29 - Login test passed 
  2023-06-13 00:49:51 INFO  ebanking:15 - Url is opened
  2023-06-13 00:49:52 INFO  ebanking:18 - Entered username
  2023-06-13 00:49:52 INFO  ebanking:20 - Entered password
  2023-06-13 00:49:54 INFO  ebanking:29 - Login test passed 
  2023-06-13 01:41:13 INFO  ebanking:17 - Url is opened
  2023-06-13 01:41:13 INFO  ebanking:20 - Entered username
  2023-06-13 01:41:13 INFO  ebanking:22 - Entered password
  2023-06-13 01:46:47 INFO  ebanking:17 - Url is opened
  2023-06-13 01:46:47 INFO  ebanking:20 - Entered username
  2023-06-13 01:46:47 INFO  ebanking:22 - Entered password
  